[1014/145215:ERROR:file_io.cc(30)] read: expected 4, observed 0
[1014/170900:ERROR:file_io.cc(30)] read: expected 4, observed 0
[1017/141659:ERROR:file_io.cc(30)] read: expected 4, observed 0
[1017/142706:ERROR:file_io.cc(30)] read: expected 4, observed 0
[1017/143058:ERROR:file_io.cc(30)] read: expected 4, observed 0
[1018/085530:ERROR:file_io.cc(30)] read: expected 4, observed 0
[1018/110026:ERROR:file_io.cc(30)] read: expected 4, observed 0
[1018/110937:ERROR:file_io.cc(30)] read: expected 4, observed 0
[1018/121346:ERROR:file_io.cc(30)] read: expected 4, observed 0
[1018/141753:ERROR:file_io.cc(30)] read: expected 4, observed 0
[1018/142332:ERROR:file_io.cc(30)] read: expected 4, observed 0
[1018/164709:ERROR:file_io.cc(30)] read: expected 4, observed 0
[1018/170151:ERROR:file_io.cc(30)] read: expected 4, observed 0
[1018/170306:ERROR:file_io.cc(30)] read: expected 4, observed 0
[1018/172006:ERROR:file_io.cc(30)] read: expected 4, observed 0
[1019/091235:ERROR:file_io.cc(30)] read: expected 4, observed 0
[1019/111404:ERROR:file_io.cc(30)] read: expected 4, observed 0
[1019/122101:ERROR:file_io.cc(30)] read: expected 4, observed 0
[1019/135943:ERROR:file_io.cc(30)] read: expected 4, observed 0
[1019/152844:ERROR:file_io.cc(30)] read: expected 4, observed 0
[1019/162803:ERROR:file_io.cc(30)] read: expected 4, observed 0
[1020/090647:ERROR:file_io.cc(30)] read: expected 4, observed 0
[1020/161136:ERROR:file_io.cc(30)] read: expected 4, observed 0
[1020/161331:ERROR:file_io.cc(30)] read: expected 4, observed 0
[1020/162403:ERROR:file_io.cc(30)] read: expected 4, observed 0
[1020/170258:ERROR:file_io.cc(30)] read: expected 4, observed 0
[1021/101900:ERROR:file_io.cc(30)] read: expected 4, observed 0
[1024/084857:ERROR:file_io.cc(30)] read: expected 4, observed 0
[1024/171538:ERROR:file_io.cc(30)] read: expected 4, observed 0
[1024/172045:ERROR:file_io.cc(30)] read: expected 4, observed 0
[1024/172301:ERROR:file_io.cc(30)] read: expected 4, observed 0
[1025/093313:ERROR:file_io.cc(30)] read: expected 4, observed 0
[1025/111157:ERROR:file_io.cc(30)] read: expected 4, observed 0
[1026/101646:ERROR:file_io.cc(30)] read: expected 4, observed 0
[1026/124115:ERROR:file_io.cc(30)] read: expected 4, observed 0
[1026/164418:ERROR:file_io.cc(30)] read: expected 4, observed 0
[1027/085313:ERROR:file_io.cc(30)] read: expected 4, observed 0
[1027/122646:ERROR:file_io.cc(30)] read: expected 4, observed 0
[1027/133338:ERROR:file_io.cc(30)] read: expected 4, observed 0
[1028/085722:ERROR:file_io.cc(30)] read: expected 4, observed 0
[1028/085945:ERROR:file_io.cc(30)] read: expected 4, observed 0
[1028/090155:ERROR:file_io.cc(30)] read: expected 4, observed 0
[1028/105238:ERROR:file_io.cc(30)] read: expected 4, observed 0
[1028/121623:ERROR:file_io.cc(30)] read: expected 4, observed 0
[1028/121926:ERROR:file_io.cc(30)] read: expected 4, observed 0
[1028/122150:ERROR:file_io.cc(30)] read: expected 4, observed 0
[1028/125455:ERROR:file_io.cc(30)] read: expected 4, observed 0
[1031/091011:ERROR:file_io.cc(30)] read: expected 4, observed 0
[1031/092614:ERROR:file_io.cc(30)] read: expected 4, observed 0
[1101/093457:ERROR:file_io.cc(30)] read: expected 4, observed 0
[1101/093938:ERROR:file_io.cc(30)] read: expected 4, observed 0
[1101/124052:ERROR:file_io.cc(30)] read: expected 4, observed 0
[1101/134547:ERROR:file_io.cc(30)] read: expected 4, observed 0
[1101/135421:ERROR:file_io.cc(30)] read: expected 4, observed 0
[1102/084503:ERROR:file_io.cc(30)] read: expected 4, observed 0
[1102/090028:ERROR:file_io.cc(30)] read: expected 4, observed 0
[1103/092019:ERROR:file_io.cc(30)] read: expected 4, observed 0
[1103/092126:ERROR:file_io.cc(30)] read: expected 4, observed 0
[1103/092305:ERROR:file_io.cc(30)] read: expected 4, observed 0
[1103/103427:ERROR:file_io.cc(30)] read: expected 4, observed 0
[1103/105533:ERROR:file_io.cc(30)] read: expected 4, observed 0
[1103/125241:ERROR:file_io.cc(30)] read: expected 4, observed 0
[1103/133342:ERROR:file_io.cc(30)] read: expected 4, observed 0
[1103/171411:ERROR:file_io.cc(30)] read: expected 4, observed 0
[1103/171627:ERROR:file_io.cc(30)] read: expected 4, observed 0
[1104/090917:ERROR:file_io.cc(30)] read: expected 4, observed 0
[1104/091610:ERROR:file_io.cc(30)] read: expected 4, observed 0
[1104/091657:ERROR:file_io.cc(30)] read: expected 4, observed 0
[1104/131127:ERROR:file_io.cc(30)] read: expected 4, observed 0
[1107/085616:ERROR:file_io.cc(30)] read: expected 4, observed 0
[1107/085735:ERROR:file_io.cc(30)] read: expected 4, observed 0
[1107/092358:ERROR:file_io.cc(30)] read: expected 4, observed 0
[1107/092434:ERROR:file_io.cc(30)] read: expected 4, observed 0
[1107/100729:ERROR:file_io.cc(30)] read: expected 4, observed 0
[1107/100812:ERROR:file_io.cc(30)] read: expected 4, observed 0
[1107/100938:ERROR:file_io.cc(30)] read: expected 4, observed 0
[1107/113215:ERROR:file_io.cc(30)] read: expected 4, observed 0
[1107/114959:ERROR:file_io.cc(30)] read: expected 4, observed 0
[1107/115252:ERROR:file_io.cc(30)] read: expected 4, observed 0
[1107/143643:ERROR:file_io.cc(30)] read: expected 4, observed 0
[1107/165146:ERROR:file_io.cc(30)] read: expected 4, observed 0
[1107/172138:ERROR:file_io.cc(30)] read: expected 4, observed 0
[1108/095111:ERROR:file_io.cc(30)] read: expected 4, observed 0
[1108/095447:ERROR:file_io.cc(30)] read: expected 4, observed 0
[1108/100347:ERROR:file_io.cc(30)] read: expected 4, observed 0
[1108/100506:ERROR:file_io.cc(30)] read: expected 4, observed 0
[1109/085705:ERROR:file_io.cc(30)] read: expected 4, observed 0
[1109/085743:ERROR:file_io.cc(30)] read: expected 4, observed 0
[1109/110100:ERROR:file_io.cc(30)] read: expected 4, observed 0
[1109/111556:ERROR:file_io.cc(30)] read: expected 4, observed 0
[1109/132307:ERROR:file_io.cc(30)] read: expected 4, observed 0
[1109/132354:ERROR:file_io.cc(30)] read: expected 4, observed 0
[1109/132601:ERROR:file_io.cc(30)] read: expected 4, observed 0
[1110/093247:ERROR:file_io.cc(30)] read: expected 4, observed 0
[1110/154613:ERROR:file_io.cc(30)] read: expected 4, observed 0
[1110/154645:ERROR:file_io.cc(30)] read: expected 4, observed 0
[1110/161705:ERROR:file_io.cc(30)] read: expected 4, observed 0
[1110/161809:ERROR:file_io.cc(30)] read: expected 4, observed 0
[1111/092802:ERROR:file_io.cc(30)] read: expected 4, observed 0
[1111/092836:ERROR:file_io.cc(30)] read: expected 4, observed 0
[1111/094825:ERROR:file_io.cc(30)] read: expected 4, observed 0
[1111/095847:ERROR:file_io.cc(30)] read: expected 4, observed 0
[1111/110238:ERROR:file_io.cc(30)] read: expected 4, observed 0
[1111/144913:ERROR:file_io.cc(30)] read: expected 4, observed 0
[1111/144946:ERROR:file_io.cc(30)] read: expected 4, observed 0
[1113/233811:ERROR:file_io.cc(30)] read: expected 4, observed 0
[1113/233900:ERROR:file_io.cc(30)] read: expected 4, observed 0
[1113/234026:ERROR:file_io.cc(30)] read: expected 4, observed 0
[1114/211738:ERROR:file_io.cc(30)] read: expected 4, observed 0
[1114/211903:ERROR:file_io.cc(30)] read: expected 4, observed 0
[1115/091447:ERROR:file_io.cc(30)] read: expected 4, observed 0
[1115/091544:ERROR:file_io.cc(30)] read: expected 4, observed 0
[1115/094430:ERROR:file_io.cc(30)] read: expected 4, observed 0
[1115/094530:ERROR:file_io.cc(30)] read: expected 4, observed 0
[1115/095101:ERROR:file_io.cc(30)] read: expected 4, observed 0
[1115/101608:ERROR:file_io.cc(30)] read: expected 4, observed 0
[1116/134229:ERROR:file_io.cc(30)] read: expected 4, observed 0
[1116/135554:ERROR:file_io.cc(30)] read: expected 4, observed 0
[1116/135634:ERROR:file_io.cc(30)] read: expected 4, observed 0
[1116/203146:ERROR:file_io.cc(30)] read: expected 4, observed 0
[1117/044945:ERROR:file_io.cc(30)] read: expected 4, observed 0
[1117/100501:ERROR:file_io.cc(30)] read: expected 4, observed 0
[1117/114956:ERROR:file_io.cc(30)] read: expected 4, observed 0
[1117/120449:ERROR:file_io.cc(30)] read: expected 4, observed 0
[1117/123317:ERROR:file_io.cc(30)] read: expected 4, observed 0
[1117/123506:ERROR:file_io.cc(30)] read: expected 4, observed 0
[1117/123634:ERROR:file_io.cc(30)] read: expected 4, observed 0
[1117/123725:ERROR:file_io.cc(30)] read: expected 4, observed 0
[1117/125342:ERROR:file_io.cc(30)] read: expected 4, observed 0
[1117/125651:ERROR:file_io.cc(30)] read: expected 4, observed 0
[1117/131810:ERROR:file_io.cc(30)] read: expected 4, observed 0
[1117/132118:ERROR:file_io.cc(30)] read: expected 4, observed 0
[1117/145340:ERROR:file_io.cc(30)] read: expected 4, observed 0
[1117/152702:ERROR:file_io.cc(30)] read: expected 4, observed 0
[1117/152816:ERROR:file_io.cc(30)] read: expected 4, observed 0
[1117/152937:ERROR:file_io.cc(30)] read: expected 4, observed 0
[1117/153248:ERROR:file_io.cc(30)] read: expected 4, observed 0
[1117/164441:ERROR:file_io.cc(30)] read: expected 4, observed 0
[1117/165016:ERROR:file_io.cc(30)] read: expected 4, observed 0
[1117/212022:ERROR:file_io.cc(30)] read: expected 4, observed 0
[1118/054917:ERROR:file_io.cc(30)] read: expected 4, observed 0
[1118/055300:ERROR:file_io.cc(30)] read: expected 4, observed 0
[1118/125543:ERROR:file_io.cc(30)] read: expected 4, observed 0
[1118/125704:ERROR:file_io.cc(30)] read: expected 4, observed 0
[1119/113442:ERROR:file_io.cc(30)] read: expected 4, observed 0
[1120/081529:ERROR:process_info.cc(608)] range at 0xfffde000, size 0x230 fully unreadable
[1120/081530:ERROR:process_info.cc(608)] range at 0xfffdd000, size 0xf84 fully unreadable
[1120/081530:ERROR:process_info.cc(608)] range at 0xfffda000, size 0xf84 fully unreadable
[1120/081530:ERROR:process_info.cc(608)] range at 0xfffd7000, size 0xf84 fully unreadable
[1120/081530:ERROR:process_info.cc(608)] range at 0xfffaf000, size 0xf84 fully unreadable
[1120/081530:ERROR:process_info.cc(608)] range at 0xfffac000, size 0xf84 fully unreadable
[1120/081530:ERROR:process_info.cc(608)] range at 0xfffa9000, size 0xf84 fully unreadable
[1120/081530:ERROR:process_info.cc(608)] range at 0xfffa6000, size 0xf84 fully unreadable
[1120/081530:ERROR:process_info.cc(608)] range at 0xfffa3000, size 0xf84 fully unreadable
[1120/081530:ERROR:process_info.cc(608)] range at 0xfffa0000, size 0xf84 fully unreadable
[1120/081530:ERROR:process_info.cc(608)] range at 0xfff9d000, size 0xf84 fully unreadable
[1120/081530:ERROR:process_info.cc(608)] range at 0xfff9a000, size 0xf84 fully unreadable
[1120/081530:ERROR:process_info.cc(608)] range at 0xfff97000, size 0xf84 fully unreadable
[1120/081530:ERROR:process_info.cc(608)] range at 0xfff94000, size 0xf84 fully unreadable
[1120/081530:ERROR:process_info.cc(608)] range at 0xfff91000, size 0xf84 fully unreadable
[1120/081530:ERROR:process_info.cc(608)] range at 0xfff8e000, size 0xf84 fully unreadable
[1120/081530:ERROR:process_info.cc(608)] range at 0xfff79000, size 0xf84 fully unreadable
[1120/081530:ERROR:process_info.cc(608)] range at 0xfff2e000, size 0xf84 fully unreadable
[1120/081530:ERROR:process_info.cc(608)] range at 0xfff2b000, size 0xf84 fully unreadable
[1120/081530:ERROR:process_info.cc(608)] range at 0xfff28000, size 0xf84 fully unreadable
[1120/081530:ERROR:process_info.cc(608)] range at 0xfff25000, size 0xf84 fully unreadable
[1120/081530:ERROR:process_info.cc(608)] range at 0xfff76000, size 0xf84 fully unreadable
[1120/081530:ERROR:process_info.cc(608)] range at 0xfff73000, size 0xf84 fully unreadable
[1120/081530:ERROR:process_info.cc(608)] range at 0xfff70000, size 0xf84 fully unreadable
[1120/081530:ERROR:process_info.cc(608)] range at 0xfff6d000, size 0xf84 fully unreadable
[1120/081530:ERROR:process_info.cc(608)] range at 0xfff6a000, size 0xf84 fully unreadable
[1120/081530:ERROR:process_info.cc(608)] range at 0xfff40000, size 0xf84 fully unreadable
[1120/081530:ERROR:process_info.cc(608)] range at 0xfff3d000, size 0xf84 fully unreadable
[1120/081530:ERROR:process_info.cc(608)] range at 0xfff3a000, size 0xf84 fully unreadable
[1120/081530:ERROR:process_info.cc(608)] range at 0xfff37000, size 0xf84 fully unreadable
[1120/081530:ERROR:process_info.cc(608)] range at 0xfff34000, size 0xf84 fully unreadable
[1120/081530:ERROR:process_info.cc(608)] range at 0xfff31000, size 0xf84 fully unreadable
[1120/081530:ERROR:process_info.cc(608)] range at 0xffefe000, size 0xf84 fully unreadable
[1120/081530:ERROR:process_info.cc(608)] range at 0xffefb000, size 0xf84 fully unreadable
[1120/081530:ERROR:process_info.cc(608)] range at 0xffef8000, size 0xf84 fully unreadable
[1120/081530:ERROR:process_info.cc(608)] range at 0xffef5000, size 0xf84 fully unreadable
[1120/081530:ERROR:process_info.cc(608)] range at 0xffef2000, size 0xf84 fully unreadable
[1120/081530:ERROR:process_info.cc(608)] range at 0xffeef000, size 0xf84 fully unreadable
[1121/091347:ERROR:process_info.cc(330)] VirtualQueryEx: Access is denied. (0x5)
[1121/091348:ERROR:process_info.cc(547)] ReadMemoryInfo failed
[1121/091348:ERROR:process_reader_win.cc(233)] ReadMemory at 0x637a95ec of 12 bytes failed: Only part of a ReadProcessMemory or WriteProcessMemory request was completed. (0x12B)
[1121/091348:WARNING:process_snapshot_win.cc(68)] ReadMemory ExceptionInformation failed
[1121/091348:WARNING:crash_report_exception_handler.cc(56)] ProcessSnapshotWin::Initialize failed
[1121/091348:ERROR:scoped_process_suspend.cc(38)] NtResumeProcess: An attempt was made to access an exiting process.  (0xc000010a)
